[I] gsavarela@hype13 ~/W/p/i/ilurl> python models/tlsql.py intersection -t 36000 -s 1 -i 10 -r 0 -e 1 --tls-short 36 --tls-long 54
54 36
Loading configuration... done.
Loading configuration... done.

                    Round 0	return: 123678.95	avg speed:3.44

Loading configuration... done.

                    Round 1	return: 139459.16	avg speed:3.87

Loading configuration... done.

                    Round 2	return: 152118.07	avg speed:4.23

Loading configuration... done.

                    Round 3	return: 153540.27	avg speed:4.26

Loading configuration... done.

                    Round 4	return: 154313.83	avg speed:4.29

Loading configuration... done.

                    Round 5	return: 153386.05	avg speed:4.26

Loading configuration... done.

                    Round 6	return: 153059.51	avg speed:4.25

Loading configuration... done.

                    Round 7	return: nan	avg speed:4.23

Loading configuration... done.

                    Round 8	return: 152645.75	avg speed:4.24

Loading configuration... done.

                    Round 9	return: 151447.44	avg speed:4.21

Average, std return: 148183.22555555555, 9659.484859140162
Average, std speed: 4.128, 0.25611716069018103
Elapsed time 3454.2491710186005
