[I] gsavarela@hype13 ~/W/p/i/ilurl> python models/tlsql.py intersection -t 36000 -s 1 -i 100 -r 0 -e 0 -p 1 -L 50 -S 40 -W 1
50 40
Loading configuration... done.
Loading configuration... done.

                    Round 0	return: 5.45	avg speed:5.45

Loading configuration... done.

                    Round 1	return: 5.54	avg speed:5.54

Loading configuration... done.

                    Round 2	return: 5.53	avg speed:5.53

Loading configuration... done.

                    Round 3	return: 5.45	avg speed:5.45

Loading configuration... done.

                    Round 4	return: 5.53	avg speed:5.53

Loading configuration... done.

                    Round 5	return: 5.45	avg speed:5.45

Loading configuration... done.

                    Round 6	return: 5.63	avg speed:5.63

Loading configuration... done.

                    Round 7	return: 5.49	avg speed:5.49

Loading configuration... done.

                    Round 8	return: 5.47	avg speed:5.47

Loading configuration... done.

                    Round 9	return: 5.7	avg speed:5.7

Loading configuration... done.

                    Round 10	return: 5.6	avg speed:5.6

Loading configuration... done.

                    Round 11	return: 5.53	avg speed:5.53

Loading configuration... done.

                    Round 12	return: 5.47	avg speed:5.47

Loading configuration... done.

                    Round 13	return: 5.47	avg speed:5.47

Loading configuration... done.

                    Round 14	return: 5.45	avg speed:5.45

Loading configuration... done.

                    Round 15	return: 5.57	avg speed:5.57

Loading configuration... done.

                    Round 16	return: 5.54	avg speed:5.54

Loading configuration... done.

                    Round 17	return: 5.61	avg speed:5.61

Loading configuration... done.

                    Round 18	return: 5.54	avg speed:5.54

Loading configuration... done.

                    Round 19	return: 5.5	avg speed:5.5

Loading configuration... done.

                    Round 20	return: 5.57	avg speed:5.57

Loading configuration... done.

                    Round 21	return: 5.56	avg speed:5.56

Loading configuration... done.

                    Round 22	return: 5.47	avg speed:5.47

Loading configuration... done.

                    Round 23	return: 5.57	avg speed:5.57

Loading configuration... done.

                    Round 24	return: 5.56	avg speed:5.56

Loading configuration... done.

                    Round 25	return: 5.59	avg speed:5.59

Loading configuration... done.

                    Round 26	return: 5.55	avg speed:5.55

Loading configuration... done.

                    Round 27	return: 5.49	avg speed:5.49

Loading configuration... done.

                    Round 28	return: 5.53	avg speed:5.53

Loading configuration... done.

                    Round 29	return: 5.52	avg speed:5.52

Loading configuration... done.

                    Round 30	return: 5.51	avg speed:5.51

Loading configuration... done.

                    Round 31	return: 5.5	avg speed:5.5

Loading configuration... done.

                    Round 32	return: 5.54	avg speed:5.54

Loading configuration... done.

                    Round 33	return: 5.5	avg speed:5.5

Loading configuration... done.

                    Round 34	return: 5.52	avg speed:5.52

Loading configuration... done.

                    Round 35	return: 5.53	avg speed:5.53

Loading configuration... done.

                    Round 36	return: 5.5	avg speed:5.5

Loading configuration... done.

                    Round 37	return: 5.69	avg speed:5.69

Loading configuration... done.

                    Round 38	return: 5.55	avg speed:5.55

Loading configuration... done.

                    Round 39	return: 5.59	avg speed:5.59

Loading configuration... done.

                    Round 40	return: 5.41	avg speed:5.41

Loading configuration... done.

                    Round 41	return: 5.57	avg speed:5.57

Loading configuration... done.

                    Round 42	return: 5.44	avg speed:5.44

Loading configuration... done.

                    Round 43	return: 5.58	avg speed:5.58

Loading configuration... done.

                    Round 44	return: 5.48	avg speed:5.48

Loading configuration... done.

                    Round 45	return: 5.46	avg speed:5.46

Loading configuration... done.

                    Round 46	return: 5.55	avg speed:5.55

Loading configuration... done.

                    Round 47	return: 5.56	avg speed:5.56

Loading configuration... done.

                    Round 48	return: 5.61	avg speed:5.61

Loading configuration... done.

                    Round 49	return: 5.54	avg speed:5.54

Loading configuration... done.

                    Round 50	return: 5.59	avg speed:5.59

Loading configuration... done.

                    Round 51	return: 5.5	avg speed:5.5

Loading configuration... done.

                    Round 52	return: 5.53	avg speed:5.53

Loading configuration... done.

                    Round 53	return: 5.6	avg speed:5.6

Loading configuration... done.

                    Round 54	return: 5.38	avg speed:5.38

Loading configuration... done.

                    Round 55	return: 5.53	avg speed:5.53

Loading configuration... done.

                    Round 56	return: 5.54	avg speed:5.54

Loading configuration... done.

                    Round 57	return: 5.54	avg speed:5.54

Loading configuration... done.

                    Round 58	return: 5.69	avg speed:5.69

Loading configuration... done.

                    Round 59	return: 5.57	avg speed:5.57

Loading configuration... done.

                    Round 60	return: 5.55	avg speed:5.55

Loading configuration... done.

                    Round 61	return: 5.48	avg speed:5.48

Loading configuration... done.

                    Round 62	return: 5.51	avg speed:5.51

Loading configuration... done.

                    Round 63	return: 5.48	avg speed:5.48

Loading configuration... done.

                    Round 64	return: 5.45	avg speed:5.45

Loading configuration... done.

                    Round 65	return: 5.57	avg speed:5.57

Loading configuration... done.

                    Round 66	return: 5.58	avg speed:5.58

Loading configuration... done.

                    Round 67	return: 5.6	avg speed:5.6

Loading configuration... done.

                    Round 68	return: 5.52	avg speed:5.52

Loading configuration... done.

                    Round 69	return: 5.52	avg speed:5.52

Loading configuration... done.

                    Round 70	return: 5.57	avg speed:5.57

Loading configuration... done.

                    Round 71	return: 5.54	avg speed:5.54

Loading configuration... done.

                    Round 72	return: 5.62	avg speed:5.62

Loading configuration... done.

                    Round 73	return: 5.54	avg speed:5.54

Loading configuration... done.

                    Round 74	return: 5.52	avg speed:5.52

Loading configuration... done.

                    Round 75	return: 5.55	avg speed:5.55

Loading configuration... done.

                    Round 76	return: 5.59	avg speed:5.59

Loading configuration... done.

                    Round 77	return: 5.48	avg speed:5.48

Loading configuration... done.

                    Round 78	return: 5.63	avg speed:5.63

Loading configuration... done.

                    Round 79	return: 5.54	avg speed:5.54

Loading configuration... done.

                    Round 80	return: 5.51	avg speed:5.51

Loading configuration... done.

                    Round 81	return: 5.54	avg speed:5.54

Loading configuration... done.

                    Round 82	return: 5.65	avg speed:5.65

Loading configuration... done.

                    Round 83	return: 5.56	avg speed:5.56

Loading configuration... done.

                    Round 84	return: 5.63	avg speed:5.63

Loading configuration... done.

                    Round 85	return: 5.58	avg speed:5.58

Loading configuration... done.

                    Round 86	return: 5.49	avg speed:5.49

Loading configuration... done.

                    Round 87	return: 5.59	avg speed:5.59

Loading configuration... done.

                    Round 88	return: 5.44	avg speed:5.44

Loading configuration... done.

                    Round 89	return: 5.64	avg speed:5.64

Loading configuration... done.

                    Round 90	return: 5.54	avg speed:5.54

Loading configuration... done.

                    Round 91	return: 5.53	avg speed:5.53

Loading configuration... done.

                    Round 92	return: 5.51	avg speed:5.51

Loading configuration... done.

                    Round 93	return: 5.62	avg speed:5.62

Loading configuration... done.

                    Round 94	return: 5.48	avg speed:5.48

Loading configuration... done.

                    Round 95	return: 5.5	avg speed:5.5

Loading configuration... done.

                    Round 96	return: 5.5	avg speed:5.5

Loading configuration... done.

                    Round 97	return: 5.53	avg speed:5.53

Loading configuration... done.

                    Round 98	return: 5.52	avg speed:5.52

Loading configuration... done.

                    Round 99	return: 5.61	avg speed:5.61

Average, std return: 179760.93340000004, 1897.7515279172983
Average, std speed: 5.538399999999999, 0.059442745562431745
Elapsed time 5472.745657682419
