[I] gsavarela@hype13 ~/W/p/i/ilurl> python models/tlsql.py intersection -t 36000 -s 1 -i 10 -r 0 -e 1 --tls-short 30 --tls-long 60
60 30
Loading configuration... done.
Loading configuration... done.

                    Round 0	return: 141919.28	avg speed:3.94

Loading configuration... done.

                    Round 1	return: 163908.88	avg speed:4.55

Loading configuration... done.

                    Round 2	return: 166156.8	avg speed:4.62

Loading configuration... done.

                    Round 3	return: 165939.57	avg speed:4.61

Loading configuration... done.

                    Round 4	return: 165704.1	avg speed:4.6

Loading configuration... done.

                    Round 5	return: 166824.54	avg speed:4.63

Loading configuration... done.

                    Round 6	return: 165923.54	avg speed:4.61

Loading configuration... done.

                    Round 7	return: 165900.56	avg speed:4.61

Loading configuration... done.

                    Round 8	return: 165625.65	avg speed:4.6

Loading configuration... done.

                    Round 9	return: 166048.74	avg speed:4.61

Average, std return: 163395.166, 7192.747499384642
Average, std speed: 4.538, 0.2003397114902585
Elapsed time 3450.205684185028
